Traceback (most recent call last):
  File "<frozen runpy>", line 198, in _run_module_as_main
  File "<frozen runpy>", line 88, in _run_code
  File "C:\Users\bogda\github\AFM-Hack\parser\reels_recorder\__main__.py", line 5, in <module>
    sys.exit(main())
             ^^^^^^
  File "C:\Users\bogda\github\AFM-Hack\parser\reels_recorder\main.py", line 153, in main
    return run(parse_args(argv))
           ^^^^^^^^^^^^^^^^^^^^^
  File "C:\Users\bogda\github\AFM-Hack\parser\reels_recorder\main.py", line 141, in run
    page.wait_for_timeout(800)
  File "C:\Users\bogda\AppData\Local\Programs\Python\Python311\Lib\site-packages\playwright\sync_api\_generated.py", line 11879, in wait_for_timeout
    self._sync(self._impl_obj.wait_for_timeout(timeout=timeout))
  File "C:\Users\bogda\AppData\Local\Programs\Python\Python311\Lib\site-packages\playwright\_impl\_sync_base.py", line 115, in _sync
    return task.result()
           ^^^^^^^^^^^^^
  File "C:\Users\bogda\AppData\Local\Programs\Python\Python311\Lib\site-packages\playwright\_impl\_page.py", line 1113, in wait_for_timeout
    await self._main_frame.wait_for_timeout(timeout)
  File "C:\Users\bogda\AppData\Local\Programs\Python\Python311\Lib\site-packages\playwright\_impl\_frame.py", line 862, in wait_for_timeout
    await self._channel.send("waitForTimeout", None, {"waitTimeout": timeout})
  File "C:\Users\bogda\AppData\Local\Programs\Python\Python311\Lib\site-packages\playwright\_impl\_connection.py", line 69, in send
    return await self._connection.wrap_api_call(
           ^^^^^^^^^^^^^^^^^^^^^^^^^^^^^^^^^^^^^
  File "C:\Users\bogda\AppData\Local\Programs\Python\Python311\Lib\site-packages\playwright\_impl\_connection.py", line 559, in wrap_api_call
    raise rewrite_error(error, f"{parsed_st['apiName']}: {error}") from None
playwright._impl._errors.TargetClosedError: Page.wait_for_timeout: Target page, context or browser has been closed
