
=== start https://www.instagram.com/cristiano/ @ Thu Jun 25 03:04:04 2026 ===
[LIVE] parsing channel https://www.instagram.com/cristiano/. server=http://localhost:8000  out=recordings
[channel] opening https://www.instagram.com/cristiano/reels/

=== start https://www.instagram.com/mom_ale_na @ Thu Jun 25 03:12:28 2026 ===
[LIVE] parsing channel https://www.instagram.com/mom_ale_na. server=http://localhost:8000  out=recordings
[channel] opening https://www.instagram.com/mom_ale_na/reels/
[channel] found 10 reel(s)
[sent] DZ-T_Gdok80 (941 KB)
[warn] empty clip for DZ-RonQoLcm (stream may be CORS-tainted); skipped upload
[sent] DZ-NO4rK1Ex (800 KB)
[sent] DZ-JhPuqVn- (748 KB)
[sent] DZ9unn3IgZE (794 KB)

=== start https://www.instagram.com/maleo.prime/ @ Thu Jun 25 04:03:49 2026 ===
[LIVE] parsing channel https://www.instagram.com/maleo.prime/. server=http://localhost:8000  out=recordings
[channel] opening https://www.instagram.com/maleo.prime/reels/
[channel] found 20 reel(s)
[warn] empty clip for DZ-EM3Msjsq (stream may be CORS-tainted); skipped upload
[warn] could not start recording for DZ9meXbM_yM; skipping
[sent] DZ5g48fMguQ (757 KB)
[warn] upload failed for DZ1-IqVskkm: HTTPConnectionPool(host='localhost', port=8000): Max retries exceeded with url: /videos (Caused by NewConnectionError('<urllib3.connection.HTTPConnection object at 0x000001FC102D4910>: Failed to establish a new connection: [WinError 10061] ѕодключение не установлено, т.к. конечный компьютер отверг запрос на подключение'))
[warn] upload failed for DZuwqoIMic0: HTTPConnectionPool(host='localhost', port=8000): Max retries exceeded with url: /videos (Caused by NewConnectionError('<urllib3.connection.HTTPConnection object at 0x000001FC10302A90>: Failed to establish a new connection: [WinError 10061] ѕодключение не установлено, т.к. конечный компьютер отверг запрос на подключение'))
[warn] upload failed for DZuRW9iMXyb: HTTPConnectionPool(host='localhost', port=8000): Max retries exceeded with url: /videos (Caused by NewConnectionError('<urllib3.connection.HTTPConnection object at 0x000001FC1031B010>: Failed to establish a new connection: [WinError 10061] ѕодключение не установлено, т.к. конечный компьютер отверг запрос на подключение'))
[warn] upload failed for DZsa-PJsifP: HTTPConnectionPool(host='localhost', port=8000): Max retries exceeded with url: /videos (Caused by NewConnectionError('<urllib3.connection.HTTPConnection object at 0x000001FC1032EA10>: Failed to establish a new connection: [WinError 10061] ѕодключение не установлено, т.к. конечный компьютер отверг запрос на подключение'))
[warn] stop_recording failed: Page.evaluate: Target page, context or browser has been closed
[warn] empty clip for DZr4dbSNdRG (stream may be CORS-tainted); skipped upload
[warn] could not open DZru3AlMlua: Page.goto: Target page, context or browser has been closed
[warn] could not open DZo0nuTMZOW: Page.goto: Target page, context or browser has been closed
[warn] could not open DZiDWnOsGJe: Page.goto: Target page, context or browser has been closed
[warn] could not open DZhxMKXMluH: Page.goto: Target page, context or browser has been closed
[warn] could not open DZCbE4DstYq: Page.goto: Target page, context or browser has been closed
[warn] could not open DZfFty7MOTL: Page.goto: Target page, context or browser has been closed
[warn] could not open DZfD39BsyRB: Page.goto: Target page, context or browser has been closed
[warn] could not open DZaBh2fM8mR: Page.goto: Target page, context or browser has been closed
[warn] could not open DZW_oVDsiV-: Page.goto: Target page, context or browser has been closed
[warn] could not open DZU0B2-KAuj: Page.goto: Target page, context or browser has been closed
[warn] could not open DZUxuQ4qOb-: Page.goto: Target page, context or browser has been closed
[warn] could not open DZUwUZeKtIa: Page.goto: Target page, context or browser has been closed
[done] channel parsed: 8 reel(s) recorded

=== start https://www.instagram.com/r4domir/ @ Thu Jun 25 04:15:40 2026 ===
[LIVE] parsing channel https://www.instagram.com/r4domir/. server=http://localhost:8000  out=recordings
[channel] opening https://www.instagram.com/r4domir/reels/
[channel] found 14 reel(s) for @r4domir
[skip] DZslsy4onBa is by @akenflai, not @r4domir
[sent] DZy_t8KI39a (14613 KB)

=== start https://www.instagram.com/elnur_travel @ Thu Jun 25 04:17:21 2026 ===
[LIVE] parsing channel https://www.instagram.com/elnur_travel. server=http://localhost:8000  out=recordings
[channel] opening https://www.instagram.com/elnur_travel/reels/
[channel] found 30 reel(s) for @elnur_travel
[sent] DZ9kSdzt1uJ (737 KB)
[sent] DZ5pQTVt0dk (512 KB)

=== start https://www.instagram.com/elnur_travel/ @ Thu Jun 25 04:35:16 2026 ===
[LIVE] parsing channel https://www.instagram.com/elnur_travel/. server=http://localhost:8000  out=recordings
[channel] opening https://www.instagram.com/elnur_travel/reels/
[channel] found 12 reel(s) in @elnur_travel's grid
[sent] DZxKM9ctmut (1036 KB)
[sent] DZxG1Z2N3wu (724 KB)
[sent] DZuPSpht3PE (2766 KB)
[sent] DZpiTHcNb2c (765 KB)
[done] reached max reels = 4
[done] channel parsed: 4 reel(s) recorded

=== start tiktok feed @ Thu Jun 25 08:26:14 2026 ===
[LIVE] watching tiktok feed. server=http://localhost:8000  out=recordings
[sent] 199cd299-86b6-46f2-a73f-57d6058872cb (4216 KB)
[warn] empty clip for f33d6b67-3dc3-4ad4-bdd7-5ac1a3a8e590 (stream may be CORS-tainted); skipped upload
[warn] could not start recording for a4d0d5a6-d2ed-434e-b2cf-8232f25ebba1; skipping
[warn] could not start recording for b6da5ea6-6990-4df3-b260-9ecd2ba06d88; skipping

=== start tiktok feed @ Thu Jun 25 08:39:56 2026 ===
[LIVE] watching tiktok feed. server=http://localhost:8000  out=recordings
[sent] 945dbd61-6ed5-49ac-a38c-737ca955190a (3742 KB)
[sent] 0301edae-93b2-4210-95fe-4f08e3ac2376 (10424 KB)
[sent] 0e27661c-7c10-40b2-9311-1047274c8c29 (24056 KB)
[sent] 6520eebe-581a-4519-b63f-afb4beec0ddb (3693 KB)

=== start instagram feed @ Thu Jun 25 08:42:47 2026 ===
[LIVE] watching instagram feed. server=http://localhost:8000  out=recordings
[sent] DY68a5QtLsX (1064 KB)
[sent] DZ-oaJSMQqH (1889 KB)
[sent] DX2q58VIkN2 (3178 KB)
[sent] DW8pmMlDt-k (2811 KB)
[sent] DZJ-yQ4sFvL (2861 KB)
[sent] DX4kVaps8EE (6432 KB)
[sent] DW_o_vmiD4U (14754 KB)
[sent] DWqO4DMDbGw (4197 KB)
[sent] DY44QrFtw6s (7147 KB)

=== start https://www.instagram.com/reel/DW2CgliCJ0D/?igsh=MWt2cW1tbDh6emwxcw== @ Thu Jun 25 08:53:00 2026 ===
[LIVE] parsing single instagram video https://www.instagram.com/reel/DW2CgliCJ0D/?igsh=MWt2cW1tbDh6emwxcw==. server=http://localhost:8000  out=recordings
[reel] opening https://www.instagram.com/reel/DW2CgliCJ0D/
[sent] DW2CgliCJ0D (935 KB)
[done] reel parsed: DW2CgliCJ0D

=== start https://www.instagram.com/reel/DXsMmfnDW1d/?igsh=cmtweTV0M3Vtb29w @ Thu Jun 25 08:53:59 2026 ===
[LIVE] parsing single instagram video https://www.instagram.com/reel/DXsMmfnDW1d/?igsh=cmtweTV0M3Vtb29w. server=http://localhost:8000  out=recordings
[reel] opening https://www.instagram.com/reel/DXsMmfnDW1d/
[sent] DXsMmfnDW1d (417 KB)
[done] reel parsed: DXsMmfnDW1d

=== start https://www.instagram.com/reels/CwsjNLEsN-X/ @ Thu Jun 25 08:55:11 2026 ===
[LIVE] parsing single instagram video https://www.instagram.com/reels/CwsjNLEsN-X/. server=http://localhost:8000  out=recordings
[reel] opening https://www.instagram.com/reel/CwsjNLEsN-X/
[sent] CwsjNLEsN-X (397 KB)
[done] reel parsed: CwsjNLEsN-X

=== start https://www.instagram.com/reels/DL0NMv9sDXq/ @ Thu Jun 25 08:57:28 2026 ===
[LIVE] parsing single instagram video https://www.instagram.com/reels/DL0NMv9sDXq/. server=http://localhost:8000  out=recordings
[reel] opening https://www.instagram.com/reel/DL0NMv9sDXq/
[sent] DL0NMv9sDXq (581 KB)
[done] reel parsed: DL0NMv9sDXq

=== start https://www.instagram.com/reels/DL0NMv9sDXq/ @ Thu Jun 25 09:15:47 2026 ===
[LIVE] parsing single instagram video https://www.instagram.com/reels/DL0NMv9sDXq/. server=http://localhost:8000  out=recordings
[reel] opening https://www.instagram.com/reel/DL0NMv9sDXq/
[sent] DL0NMv9sDXq (448 KB)
[done] reel parsed: DL0NMv9sDXq

=== start https://www.instagram.com/reels/CwsjNLEsN-X/ @ Thu Jun 25 09:17:51 2026 ===
[LIVE] parsing single instagram video https://www.instagram.com/reels/CwsjNLEsN-X/. server=http://localhost:8000  out=recordings
[reel] opening https://www.instagram.com/reel/CwsjNLEsN-X/
[sent] CwsjNLEsN-X (150 KB)
[done] reel parsed: CwsjNLEsN-X

=== start tiktok feed @ Thu Jun 25 09:21:28 2026 ===
[LIVE] watching tiktok feed. server=http://localhost:8000  out=recordings
[warn] TikTok watch watchdog reached 90s; moving on
[sent] 977ab740-eff7-4e1e-985f-10819dcb1503 (23336 KB)
[sent] 037919e8-647f-47f3-bdb7-8a9b817efc9f (15958 KB)
[sent] a27f6a2c-9af5-4eb8-bbc4-a05ad3df6a3e (6650 KB)
[warn] TikTok watch watchdog reached 90s; moving on

=== start https://www.instagram.com/reels/DL0NMv9sDXq/ @ Thu Jun 25 09:29:53 2026 ===
[LIVE] parsing single instagram video https://www.instagram.com/reels/DL0NMv9sDXq/. server=http://localhost:8000  out=recordings
[reel] opening https://www.instagram.com/reel/DL0NMv9sDXq/
[sent] DL0NMv9sDXq (700 KB)
[done] reel parsed: DL0NMv9sDXq

=== start https://www.instagram.com/reels/DZaOGSRM2uZ/ @ Thu Jun 25 09:32:55 2026 ===
[LIVE] parsing single instagram video https://www.instagram.com/reels/DZaOGSRM2uZ/. server=http://localhost:8000  out=recordings
[reel] opening https://www.instagram.com/reel/DZaOGSRM2uZ/
[sent] DZaOGSRM2uZ (629 KB)
[done] reel parsed: DZaOGSRM2uZ

=== start instagram.com/reel/DZUdo6CKwUm/?igsh=MTE3MDhyeXpwMXhscg== @ Thu Jun 25 09:34:13 2026 ===
[LIVE] parsing single instagram video instagram.com/reel/DZUdo6CKwUm/?igsh=MTE3MDhyeXpwMXhscg==. server=http://localhost:8000  out=recordings
[reel] opening https://www.instagram.com/reel/DZUdo6CKwUm/
[sent] DZUdo6CKwUm (573 KB)
[done] reel parsed: DZUdo6CKwUm
